#! /c/Source/iverilog-install/bin/vvp
:ivl_version "12.0 (devel)" "(s20150603-1110-g18392a46)";
:ivl_delay_selection "TYPICAL";
:vpi_time_precision + 0;
:vpi_module "C:\iverilog\lib\ivl\system.vpi";
:vpi_module "C:\iverilog\lib\ivl\vhdl_sys.vpi";
:vpi_module "C:\iverilog\lib\ivl\vhdl_textio.vpi";
:vpi_module "C:\iverilog\lib\ivl\v2005_math.vpi";
:vpi_module "C:\iverilog\lib\ivl\va_math.vpi";
S_000002931b492df0 .scope module, "serial" "serial" 2 1;
 .timescale 0 0;
    .port_info 0 /INPUT 1 "clk";
    .port_info 1 /INPUT 1 "reset";
    .port_info 2 /INPUT 1 "serial_in";
    .port_info 3 /INPUT 1 "load";
    .port_info 4 /OUTPUT 32 "parallel_out";
o000002931b4c6fb8 .functor BUFZ 1, C4<z>; HiZ drive
v000002931b47ef00_0 .net "clk", 0 0, o000002931b4c6fb8;  0 drivers
o000002931b4c6fe8 .functor BUFZ 1, C4<z>; HiZ drive
v000002931b492f80_0 .net "load", 0 0, o000002931b4c6fe8;  0 drivers
v000002931b493020_0 .var "parallel_out", 31 0;
o000002931b4c7048 .functor BUFZ 1, C4<z>; HiZ drive
v000002931b4930c0_0 .net "reset", 0 0, o000002931b4c7048;  0 drivers
o000002931b4c7078 .functor BUFZ 1, C4<z>; HiZ drive
v000002931b4c1260_0 .net "serial_in", 0 0, o000002931b4c7078;  0 drivers
v000002931b4c1300_0 .var "shift_reg", 31 0;
E_000002931b47d830 .event posedge, v000002931b47ef00_0;
E_000002931b47d930 .event posedge, v000002931b4930c0_0, v000002931b47ef00_0;
    .scope S_000002931b492df0;
T_0 ;
    %wait E_000002931b47d930;
    %load/vec4 v000002931b4930c0_0;
    %flag_set/vec4 8;
    %jmp/0xz  T_0.0, 8;
    %pushi/vec4 0, 0, 32;
    %assign/vec4 v000002931b4c1300_0, 0;
    %jmp T_0.1;
T_0.0 ;
    %load/vec4 v000002931b4c1300_0;
    %parti/s 31, 0, 2;
    %load/vec4 v000002931b4c1260_0;
    %concat/vec4; draw_concat_vec4
    %assign/vec4 v000002931b4c1300_0, 0;
T_0.1 ;
    %jmp T_0;
    .thread T_0;
    .scope S_000002931b492df0;
T_1 ;
    %wait E_000002931b47d830;
    %load/vec4 v000002931b492f80_0;
    %flag_set/vec4 8;
    %jmp/0xz  T_1.0, 8;
    %load/vec4 v000002931b4c1300_0;
    %assign/vec4 v000002931b493020_0, 0;
T_1.0 ;
    %jmp T_1;
    .thread T_1;
# The file index is used to find the file name in the following table.
:file_names 3;
    "N/A";
    "<interactive>";
    "serial.v";
